
> frontend@0.0.0 dev
> vite


  VITE v8.0.3  ready in 312 ms

  âžś  Local:   http://localhost:5173/
  âžś  Network: use --host to expose
11:31:17 AM [vite] (client) hmr update /src/index.css, /src/components/MentalModelPanel.jsx
11:31:30 AM [vite] (client) hmr update /src/index.css, /src/components/ChatPanel.jsx
11:32:51 AM [vite] (client) hmr update /src/index.css, /src/components/MentalModelPanel.jsx
11:35:08 AM [vite] (client) hmr update /src/index.css, /src/components/MentalModelPanel.jsx
11:35:08 AM [vite] Internal server error: Transform failed with 1 error:

[31m[PARSE_ERROR] Error:[0m Expected `,` or `)` but found `;`
     [38;5;246mâ•­[0m[38;5;246mâ”€[0m[38;5;246m[[0m src/components/MentalModelPanel.jsx:306:8 [38;5;246m][0m
     [38;5;246mâ”‚[0m
 [38;5;246m270 â”‚[0m [38;5;249m [0m[38;5;249m [0m[38;5;249m [0m[38;5;249m [0m[38;5;249ml[0m[38;5;249me[0m[38;5;249mt[0m[38;5;249m [0m[38;5;249mf[0m[38;5;249mi[0m[38;5;249mn[0m[38;5;249ma[0m[38;5;249ml[0m[38;5;249mE[0m[38;5;249md[0m[38;5;249mg[0m[38;5;249me[0m[38;5;249ms[0m[38;5;249m [0m[38;5;249m=[0m[38;5;249m [0m[38;5;249mr[0m[38;5;249ma[0m[38;5;249mw[0m[38;5;249mG[0m[38;5;249mr[0m[38;5;249ma[0m[38;5;249mp[0m[38;5;249mh[0m[38;5;249m.[0m[38;5;249me[0m[38;5;249md[0m[38;5;249mg[0m[38;5;249me[0m[38;5;249ms[0m[38;5;249m.[0m[38;5;249mm[0m[38;5;249ma[0m[38;5;249mp[0m([38;5;249me[0m[38;5;249m [0m[38;5;249m=[0m[38;5;249m>[0m[38;5;249m [0m[38;5;249m{[0m
 [38;5;240m    â”‚[0m                                        â”¬  
 [38;5;240m    â”‚[0m                                        â•°â”€â”€ Opened here
 [38;5;240m    â”‚[0m 
 [38;5;246m306 â”‚[0m [38;5;249m [0m[38;5;249m [0m[38;5;249m [0m[38;5;249m [0m[38;5;249m [0m[38;5;249m [0m[38;5;249m}[0m;
 [38;5;240m    â”‚[0m        â”¬  
 [38;5;240m    â”‚[0m        â•°â”€â”€ `,` or `)` expected
[38;5;246mâ”€â”€â”€â”€â”€â•Ż[0m

  Plugin: vite:oxc
  File: /Users/ashishpaliwal/PycharmProjects/github_repo_summerizer/frontend/src/components/MentalModelPanel.jsx
      at transformWithOxc (file:///Users/ashishpaliwal/PycharmProjects/github_repo_summerizer/frontend/node_modules/vite/dist/node/chunks/node.js:3720:19)
      at TransformPluginContext.transform (file:///Users/ashishpaliwal/PycharmProjects/github_repo_summerizer/frontend/node_modules/vite/dist/node/chunks/node.js:3788:26)
      at EnvironmentPluginContainer.transform (file:///Users/ashishpaliwal/PycharmProjects/github_repo_summerizer/frontend/node_modules/vite/dist/node/chunks/node.js:30048:51)
      at async loadAndTransform (file:///Users/ashishpaliwal/PycharmProjects/github_repo_summerizer/frontend/node_modules/vite/dist/node/chunks/node.js:24177:26)
      at async viteTransformMiddleware (file:///Users/ashishpaliwal/PycharmProjects/github_repo_summerizer/frontend/node_modules/vite/dist/node/chunks/node.js:24986:20)
11:35:27 AM [vite] (client) hmr update /src/index.css, /src/components/MentalModelPanel.jsx
11:37:22 AM [vite] (client) hmr update /src/index.css, /src/components/MentalModelPanel.jsx
11:37:22 AM [vite] Internal server error: Transform failed with 1 error:

[31m[PARSE_ERROR] Error:[0m Unexpected token
     [38;5;246mâ•­[0m[38;5;246mâ”€[0m[38;5;246m[[0m src/components/MentalModelPanel.jsx:305:7 [38;5;246m][0m
     [38;5;246mâ”‚[0m
 [38;5;246m305 â”‚[0m [38;5;249m [0m[38;5;249m [0m[38;5;249m [0m[38;5;249m [0m[38;5;249m [0m[38;5;249m [0m}[38;5;249m;[0m
 [38;5;240m    â”‚[0m       â”¬  
 [38;5;240m    â”‚[0m       â•°â”€â”€ 
[38;5;246mâ”€â”€â”€â”€â”€â•Ż[0m

  Plugin: vite:oxc
  File: /Users/ashishpaliwal/PycharmProjects/github_repo_summerizer/frontend/src/components/MentalModelPanel.jsx
      at transformWithOxc (file:///Users/ashishpaliwal/PycharmProjects/github_repo_summerizer/frontend/node_modules/vite/dist/node/chunks/node.js:3720:19)
      at TransformPluginContext.transform (file:///Users/ashishpaliwal/PycharmProjects/github_repo_summerizer/frontend/node_modules/vite/dist/node/chunks/node.js:3788:26)
      at EnvironmentPluginContainer.transform (file:///Users/ashishpaliwal/PycharmProjects/github_repo_summerizer/frontend/node_modules/vite/dist/node/chunks/node.js:30048:51)
      at async loadAndTransform (file:///Users/ashishpaliwal/PycharmProjects/github_repo_summerizer/frontend/node_modules/vite/dist/node/chunks/node.js:24177:26)
      at async viteTransformMiddleware (file:///Users/ashishpaliwal/PycharmProjects/github_repo_summerizer/frontend/node_modules/vite/dist/node/chunks/node.js:24986:20)
11:37:37 AM [vite] (client) hmr update /src/index.css, /src/components/MentalModelPanel.jsx
11:56:16 AM [vite] (client) hmr update /src/index.css, /src/components/MentalModelPanel.jsx
11:56:37 AM [vite] (client) hmr update /src/index.css, /src/components/MentalModelPanel.jsx
11:59:38 AM [vite] (client) hmr update /src/index.css
12:00:00 PM [vite] (client) hmr update /src/index.css
12:00:12 PM [vite] (client) hmr update /src/index.css, /src/components/MentalModelPanel.jsx
12:02:45 PM [vite] (client) hmr update /src/index.css, /src/components/MentalModelPanel.jsx
12:06:34 PM [vite] (client) hmr update /src/index.css, /src/components/MentalModelPanel.jsx
12:11:01 PM [vite] (client) hmr update /src/index.css, /src/components/MentalModelPanel.jsx
12:11:55 PM [vite] (client) hmr update /src/index.css, /src/components/MentalModelPanel.jsx
12:12:07 PM [vite] (client) hmr update /src/index.css, /src/components/MentalModelPanel.jsx
12:13:05 PM [vite] (client) hmr update /src/index.css, /src/components/MentalModelPanel.jsx
12:13:49 PM [vite] (client) hmr update /src/index.css, /src/components/MentalModelPanel.jsx
12:14:11 PM [vite] (client) hmr update /src/index.css, /src/components/MentalModelPanel.jsx
12:14:12 PM [vite] (client) hmr update /src/index.css, /src/components/MentalModelPanel.jsx
12:32:08 PM [vite] (client) hmr update /src/index.css, /src/components/MentalModelPanel.jsx
12:32:21 PM [vite] (client) hmr update /src/index.css, /src/components/MentalModelPanel.jsx
8:46:34 PM [vite] (client) hmr update /src/index.css, /src/components/MentalModelPanel.jsx
8:50:08 PM [vite] (client) hmr update /src/index.css, /src/components/MentalModelPanel.jsx
8:52:09 PM [vite] (client) hmr update /src/index.css, /src/components/MentalModelPanel.jsx
7:05:46 AM [vite] (client) hmr update /src/pages/RepoPage.jsx, /src/index.css
7:05:54 AM [vite] (client) hmr update /src/index.css, /src/components/ChatPanel.jsx
7:06:15 AM [vite] (client) hmr update /src/index.css, /src/components/InsightsPanel.jsx
10:20:39 AM [vite] (client) hmr update /src/index.css, /src/components/NodeDetailPanel.jsx
10:21:13 AM [vite] (client) hmr update /src/index.css, /src/components/NodeDetailPanel.jsx
